Build started 8/5/2016 1:30:47 PM.
     1>Project "C:\Users\Ali J\Documents\Visual Studio 2013\Projects\SelfAssessment1_3\SelfAssessment1_3\SelfAssessment1_3.vcxproj" on node 2 (Build target(s)).
     1>ClCompile:
         D:\Visual Studio\VS2013 installed version\VC\bin\CL.exe /c /I"D:\Lib\Glew and Glut\glew-1.11.0\include" /I"D:\Lib\Glew and Glut\freeglut\include" /Zi /nologo /W3 /WX- /sdl /O2 /Oi /Oy- /GL /D _MBCS /Gm- /EHsc /MD /GS /Gy /fp:precise /Zc:wchar_t /Zc:forScope /Fo"Release\\" /Fd"Release\vc120.pdb" /Gd /TP /analyze- /errorReport:prompt main.cpp
         main.cpp
     1>main.cpp(6): warning C4305: 'initializing' : truncation from 'double' to 'float'
     1>main.cpp(16): warning C4305: 'initializing' : truncation from 'double' to 'float'
     1>main.cpp(22): warning C4305: 'argument' : truncation from 'double' to 'GLfloat'
     1>main.cpp(24): warning C4244: 'argument' : conversion from 'double' to 'GLfloat', possible loss of data
     1>main.cpp(25): warning C4244: 'argument' : conversion from 'double' to 'GLfloat', possible loss of data
     1>main.cpp(29): warning C4244: 'argument' : conversion from 'double' to 'GLfloat', possible loss of data
     1>main.cpp(30): warning C4244: 'argument' : conversion from 'double' to 'GLfloat', possible loss of data
     1>main.cpp(31): warning C4305: 'argument' : truncation from 'double' to 'GLfloat'
     1>main.cpp(32): warning C4305: 'argument' : truncation from 'double' to 'GLfloat'
     1>main.cpp(35): warning C4244: 'argument' : conversion from 'double' to 'GLfloat', possible loss of data
     1>main.cpp(36): warning C4244: 'argument' : conversion from 'double' to 'GLfloat', possible loss of data
     1>main.cpp(38): warning C4305: 'argument' : truncation from 'double' to 'GLfloat'
       Link:
         D:\Visual Studio\VS2013 installed version\VC\bin\link.exe /ERRORREPORT:PROMPT /OUT:"C:\Users\Ali J\Documents\Visual Studio 2013\Projects\SelfAssessment1_3\Release\SelfAssessment1_3.exe" /NOLOGO /LIBPATH:"D:\Lib\Glew and Glut\glew-1.11.0\lib" /LIBPATH:"D:\Lib\Glew and Glut\freeglut\lib" freeglut.lib glew32.lib kernel32.lib user32.lib gdi32.lib winspool.lib comdlg32.lib advapi32.lib shell32.lib ole32.lib oleaut32.lib uuid.lib odbc32.lib odbccp32.lib /MANIFEST /MANIFESTUAC:"level='asInvoker' uiAccess='false'" /manifest:embed /DEBUG /PDB:"C:\Users\Ali J\Documents\Visual Studio 2013\Projects\SelfAssessment1_3\Release\SelfAssessment1_3.pdb" /OPT:REF /OPT:ICF /LTCG /TLBID:1 /DYNAMICBASE /NXCOMPAT /IMPLIB:"C:\Users\Ali J\Documents\Visual Studio 2013\Projects\SelfAssessment1_3\Release\SelfAssessment1_3.lib" /MACHINE:X86 /SAFESEH Release\main.obj
         Generating code
         Finished generating code
         SelfAssessment1_3.vcxproj -> C:\Users\Ali J\Documents\Visual Studio 2013\Projects\SelfAssessment1_3\Release\SelfAssessment1_3.exe
     1>Done Building Project "C:\Users\Ali J\Documents\Visual Studio 2013\Projects\SelfAssessment1_3\SelfAssessment1_3\SelfAssessment1_3.vcxproj" (Build target(s)).

Build succeeded.

Time Elapsed 00:00:01.18
