Build started 8/4/2016 4:58:19 PM.
     1>Project "c:\Users\Ali J\documents\visual studio 2013\Projects\SelfAssessment1_1\SelfAssessment1_1\SelfAssessment1_1.vcxproj" on node 2 (Build target(s)).
     1>ClCompile:
         D:\Visual Studio\VS2013 installed version\VC\bin\CL.exe /c /I"D:\Lib\Glew and Glut\glew-1.11.0\include" /I"D:\Lib\Glew and Glut\freeglut\include" /Zi /nologo /W3 /WX- /sdl /O2 /Oi /Oy- /GL /D _MBCS /Gm- /EHsc /MD /GS /Gy /fp:precise /Zc:wchar_t /Zc:forScope /Fo"Release\\" /Fd"Release\vc120.pdb" /Gd /TP /analyze- /errorReport:prompt main.cpp
         main.cpp
     1>main.cpp(15): warning C4305: 'argument' : truncation from 'double' to 'GLfloat'
     1>main.cpp(16): warning C4305: 'argument' : truncation from 'double' to 'GLfloat'
     1>main.cpp(17): warning C4305: 'argument' : truncation from 'double' to 'GLfloat'
     1>main.cpp(18): warning C4305: 'argument' : truncation from 'double' to 'GLfloat'
     1>main.cpp(22): warning C4305: 'argument' : truncation from 'double' to 'GLfloat'
     1>main.cpp(23): warning C4305: 'argument' : truncation from 'double' to 'GLfloat'
     1>main.cpp(24): warning C4305: 'argument' : truncation from 'double' to 'GLfloat'
     1>main.cpp(28): warning C4305: 'argument' : truncation from 'double' to 'GLfloat'
     1>main.cpp(29): warning C4305: 'argument' : truncation from 'double' to 'GLfloat'
     1>main.cpp(31): warning C4305: 'argument' : truncation from 'double' to 'GLfloat'
     1>main.cpp(32): warning C4305: 'argument' : truncation from 'double' to 'GLfloat'
     1>main.cpp(33): warning C4305: 'argument' : truncation from 'double' to 'GLfloat'
       Link:
         D:\Visual Studio\VS2013 installed version\VC\bin\link.exe /ERRORREPORT:PROMPT /OUT:"c:\users\ali j\documents\visual studio 2013\Projects\SelfAssessment1_1\Release\SelfAssessment1_1.exe" /NOLOGO /LIBPATH:"D:\Lib\Glew and Glut\glew-1.11.0\lib" /LIBPATH:"D:\Lib\Glew and Glut\freeglut\lib" freeglut.lib glew32.lib kernel32.lib user32.lib gdi32.lib winspool.lib comdlg32.lib advapi32.lib shell32.lib ole32.lib oleaut32.lib uuid.lib odbc32.lib odbccp32.lib /MANIFEST /MANIFESTUAC:"level='asInvoker' uiAccess='false'" /manifest:embed /DEBUG /PDB:"c:\users\ali j\documents\visual studio 2013\Projects\SelfAssessment1_1\Release\SelfAssessment1_1.pdb" /OPT:REF /OPT:ICF /LTCG /TLBID:1 /DYNAMICBASE /NXCOMPAT /IMPLIB:"c:\users\ali j\documents\visual studio 2013\Projects\SelfAssessment1_1\Release\SelfAssessment1_1.lib" /MACHINE:X86 /SAFESEH Release\main.obj
         Generating code
         Finished generating code
         SelfAssessment1_1.vcxproj -> c:\users\ali j\documents\visual studio 2013\Projects\SelfAssessment1_1\Release\SelfAssessment1_1.exe
     1>Done Building Project "c:\Users\Ali J\documents\visual studio 2013\Projects\SelfAssessment1_1\SelfAssessment1_1\SelfAssessment1_1.vcxproj" (Build target(s)).

Build succeeded.

Time Elapsed 00:00:01.12
