Build started 8/4/2016 4:58:07 PM.
     1>Project "c:\Users\Ali J\documents\visual studio 2013\Projects\SelfAssessment1_1\SelfAssessment1_1\SelfAssessment1_1.vcxproj" on node 2 (Build target(s)).
     1>ClCompile:
         D:\Visual Studio\VS2013 installed version\VC\bin\CL.exe /c /I"D:\Lib\Glew and Glut\freeglut\include" /I"D:\Lib\Glew and Glut\glew-1.11.0\include" /ZI /nologo /W3 /WX- /sdl /Od /Oy- /D _MBCS /Gm /EHsc /RTC1 /MDd /GS /fp:precise /Zc:wchar_t /Zc:forScope /Fo"Debug\\" /Fd"Debug\vc120.pdb" /Gd /TP /analyze- /errorReport:prompt main.cpp
         main.cpp
     1>c:\users\ali j\documents\visual studio 2013\projects\selfassessment1_1\selfassessment1_1\main.cpp(15): warning C4305: 'argument' : truncation from 'double' to 'GLfloat'
     1>c:\users\ali j\documents\visual studio 2013\projects\selfassessment1_1\selfassessment1_1\main.cpp(16): warning C4305: 'argument' : truncation from 'double' to 'GLfloat'
     1>c:\users\ali j\documents\visual studio 2013\projects\selfassessment1_1\selfassessment1_1\main.cpp(17): warning C4305: 'argument' : truncation from 'double' to 'GLfloat'
     1>c:\users\ali j\documents\visual studio 2013\projects\selfassessment1_1\selfassessment1_1\main.cpp(18): warning C4305: 'argument' : truncation from 'double' to 'GLfloat'
     1>c:\users\ali j\documents\visual studio 2013\projects\selfassessment1_1\selfassessment1_1\main.cpp(22): warning C4305: 'argument' : truncation from 'double' to 'GLfloat'
     1>c:\users\ali j\documents\visual studio 2013\projects\selfassessment1_1\selfassessment1_1\main.cpp(23): warning C4305: 'argument' : truncation from 'double' to 'GLfloat'
     1>c:\users\ali j\documents\visual studio 2013\projects\selfassessment1_1\selfassessment1_1\main.cpp(24): warning C4305: 'argument' : truncation from 'double' to 'GLfloat'
     1>c:\users\ali j\documents\visual studio 2013\projects\selfassessment1_1\selfassessment1_1\main.cpp(28): warning C4305: 'argument' : truncation from 'double' to 'GLfloat'
     1>c:\users\ali j\documents\visual studio 2013\projects\selfassessment1_1\selfassessment1_1\main.cpp(29): warning C4305: 'argument' : truncation from 'double' to 'GLfloat'
     1>c:\users\ali j\documents\visual studio 2013\projects\selfassessment1_1\selfassessment1_1\main.cpp(31): warning C4305: 'argument' : truncation from 'double' to 'GLfloat'
     1>c:\users\ali j\documents\visual studio 2013\projects\selfassessment1_1\selfassessment1_1\main.cpp(32): warning C4305: 'argument' : truncation from 'double' to 'GLfloat'
     1>c:\users\ali j\documents\visual studio 2013\projects\selfassessment1_1\selfassessment1_1\main.cpp(33): warning C4305: 'argument' : truncation from 'double' to 'GLfloat'
       Link:
         D:\Visual Studio\VS2013 installed version\VC\bin\link.exe /ERRORREPORT:PROMPT /OUT:"c:\users\ali j\documents\visual studio 2013\Projects\SelfAssessment1_1\Debug\SelfAssessment1_1.exe" /INCREMENTAL /NOLOGO /LIBPATH:"D:\Lib\Glew and Glut\glew-1.11.0\lib" /LIBPATH:"D:\Lib\Glew and Glut\freeglut\lib" freeglut.lib glew32.lib kernel32.lib user32.lib gdi32.lib winspool.lib comdlg32.lib advapi32.lib shell32.lib ole32.lib oleaut32.lib uuid.lib odbc32.lib odbccp32.lib /MANIFEST /MANIFESTUAC:"level='asInvoker' uiAccess='false'" /manifest:embed /DEBUG /PDB:"c:\users\ali j\documents\visual studio 2013\Projects\SelfAssessment1_1\Debug\SelfAssessment1_1.pdb" /TLBID:1 /DYNAMICBASE /NXCOMPAT /IMPLIB:"c:\users\ali j\documents\visual studio 2013\Projects\SelfAssessment1_1\Debug\SelfAssessment1_1.lib" /MACHINE:X86 Debug\main.obj
         SelfAssessment1_1.vcxproj -> c:\users\ali j\documents\visual studio 2013\Projects\SelfAssessment1_1\Debug\SelfAssessment1_1.exe
     1>Done Building Project "c:\Users\Ali J\documents\visual studio 2013\Projects\SelfAssessment1_1\SelfAssessment1_1\SelfAssessment1_1.vcxproj" (Build target(s)).

Build succeeded.

Time Elapsed 00:00:00.71
